<?xml version="1.0" encoding="UTF-8"?>
<!-- Generated by org.testng.reporters.JUnitReportReporter -->
<testsuite hostname="Ashutosh" failures="0" tests="1" name="Demo.Day3HomeLoan" time="0.027" errors="0" timestamp="2024-11-07T10:34:47 IST" skipped="0">
  <testcase classname="Demo.Day3HomeLoan" name="loan3" time="0.027"/>
</testsuite> <!-- Demo.Day3HomeLoan -->
