<?xml version="1.0" encoding="UTF-8"?>
<!-- Generated by org.testng.reporters.JUnitReportReporter -->
<testsuite hostname="Ashutosh" failures="0" tests="1" name="Demo.Day2" time="0.002" errors="0" timestamp="2024-10-30T20:59:52 IST" skipped="0">
  <testcase classname="Demo.Day2" name="dmo" time="0.002"/>
</testsuite> <!-- Demo.Day2 -->
