<?xml version="1.0" encoding="UTF-8"?>
<!-- Generated by org.testng.reporters.JUnitReportReporter -->
<testsuite hostname="Ashutosh" failures="0" tests="4" name="Demo.Day1BusinessLoan" time="0.028" errors="0" timestamp="2024-11-07T10:36:26 IST" skipped="0">
  <testcase classname="Demo.Day1BusinessLoan" name="loan1" time="0.018"/>
  <testcase classname="Demo.Day1BusinessLoan" name="loan2" time="0.005"/>
  <testcase classname="Demo.Day1BusinessLoan" name="loan4" time="0.002"/>
  <testcase classname="Demo.Day1BusinessLoan" name="loan3" time="0.003"/>
</testsuite> <!-- Demo.Day1BusinessLoan -->
