<?xml version="1.0" encoding="UTF-8"?>
<!-- Generated by org.testng.reporters.JUnitReportReporter -->
<testsuite hostname="Ashutosh" failures="0" tests="2" name="TestNGprctice.Day1" time="0.042" errors="0" timestamp="2024-10-30T20:41:18 IST" skipped="0">
  <testcase classname="TestNGprctice.Day1" name="dmo" time="0.039"/>
  <testcase classname="TestNGprctice.Day1" name="second" time="0.003"/>
</testsuite> <!-- TestNGprctice.Day1 -->
